<?xml version="1.0" encoding="UTF-8"?>
<testng-results skipped="0" failed="0" ignored="0" total="2" passed="2">
  <reporter-output>
  </reporter-output>
  <suite name="Adhoc" duration-ms="19366" started-at="2020-08-16T19:56:31 EDT" finished-at="2020-08-16T19:56:50 EDT">
    <groups>
    </groups>
    <test name="HomeP" duration-ms="19366" started-at="2020-08-16T19:56:31 EDT" finished-at="2020-08-16T19:56:50 EDT">
      <class name="Runner.HomeDepotAcc">
        <test-method status="PASS" signature="browser(java.lang.String, java.lang.String)[pri:0, instance:Runner.HomeDepotAcc@30b8a058]" name="browser" is-config="true" duration-ms="15599" started-at="2020-08-16T19:56:31 EDT" finished-at="2020-08-16T19:56:46 EDT">
          <params>
            <param index="0">
              <value>
                <![CDATA[Firefox]]>
              </value>
            </param>
            <param index="1">
              <value>
                <![CDATA[https://www.homedepot.com/]]>
              </value>
            </param>
          </params>
          <reporter-output>
          </reporter-output>
        </test-method> <!-- browser -->
        <test-method status="PASS" signature="Register()[pri:1, instance:Runner.HomeDepotAcc@30b8a058]" name="Register" duration-ms="1543" started-at="2020-08-16T19:56:46 EDT" finished-at="2020-08-16T19:56:48 EDT">
          <reporter-output>
          </reporter-output>
        </test-method> <!-- Register -->
        <test-method status="PASS" signature="CreatingHomeDepoAccInfo()[pri:2, instance:Runner.HomeDepotAcc@30b8a058]" name="CreatingHomeDepoAccInfo" duration-ms="2187" started-at="2020-08-16T19:56:48 EDT" finished-at="2020-08-16T19:56:50 EDT">
          <reporter-output>
          </reporter-output>
        </test-method> <!-- CreatingHomeDepoAccInfo -->
        <test-method status="PASS" signature="afterClass()[pri:0, instance:Runner.HomeDepotAcc@30b8a058]" name="afterClass" is-config="true" duration-ms="0" started-at="2020-08-16T19:56:50 EDT" finished-at="2020-08-16T19:56:50 EDT">
          <reporter-output>
          </reporter-output>
        </test-method> <!-- afterClass -->
      </class> <!-- Runner.HomeDepotAcc -->
    </test> <!-- HomeP -->
  </suite> <!-- Adhoc -->
</testng-results>
